D:\Projects\Todo\WebAPI\WebAPI\ClientApp\ToDoApp\dist\out-tsc\app\services\auth.service.js
D:\Projects\Todo\WebAPI\WebAPI\ClientApp\ToDoApp\dist\out-tsc\app\services\auth.service.js.map
D:\Projects\Todo\WebAPI\WebAPI\ClientApp\ToDoApp\dist\out-tsc\app\models\response.js
D:\Projects\Todo\WebAPI\WebAPI\ClientApp\ToDoApp\dist\out-tsc\app\models\response.js.map
D:\Projects\Todo\WebAPI\WebAPI\ClientApp\ToDoApp\dist\out-tsc\app\Auth\login\login.component.js
D:\Projects\Todo\WebAPI\WebAPI\ClientApp\ToDoApp\dist\out-tsc\app\Auth\login\login.component.js.map
D:\Projects\Todo\WebAPI\WebAPI\ClientApp\ToDoApp\dist\out-tsc\app\Auth\signup\signup.component.js
D:\Projects\Todo\WebAPI\WebAPI\ClientApp\ToDoApp\dist\out-tsc\app\Auth\signup\signup.component.js.map
D:\Projects\Todo\WebAPI\WebAPI\ClientApp\ToDoApp\dist\out-tsc\app\Auth\not-found\not-found.component.js
D:\Projects\Todo\WebAPI\WebAPI\ClientApp\ToDoApp\dist\out-tsc\app\Auth\not-found\not-found.component.js.map
D:\Projects\Todo\WebAPI\WebAPI\ClientApp\ToDoApp\dist\out-tsc\app\Dashboard\layout\layout.component.js
D:\Projects\Todo\WebAPI\WebAPI\ClientApp\ToDoApp\dist\out-tsc\app\Dashboard\layout\layout.component.js.map
D:\Projects\Todo\WebAPI\WebAPI\ClientApp\ToDoApp\dist\out-tsc\app\Dashboard\sidebar\sidebar.component.js
D:\Projects\Todo\WebAPI\WebAPI\ClientApp\ToDoApp\dist\out-tsc\app\Dashboard\sidebar\sidebar.component.js.map
D:\Projects\Todo\WebAPI\WebAPI\ClientApp\ToDoApp\dist\out-tsc\app\Dashboard\header\header.component.js
D:\Projects\Todo\WebAPI\WebAPI\ClientApp\ToDoApp\dist\out-tsc\app\Dashboard\header\header.component.js.map
D:\Projects\Todo\WebAPI\WebAPI\ClientApp\ToDoApp\dist\out-tsc\app\Dashboard\landing-area\landing-area.component.js
D:\Projects\Todo\WebAPI\WebAPI\ClientApp\ToDoApp\dist\out-tsc\app\Dashboard\landing-area\landing-area.component.js.map
D:\Projects\Todo\WebAPI\WebAPI\ClientApp\ToDoApp\dist\out-tsc\app\Dashboard\footer\footer.component.js
D:\Projects\Todo\WebAPI\WebAPI\ClientApp\ToDoApp\dist\out-tsc\app\Dashboard\footer\footer.component.js.map
D:\Projects\Todo\WebAPI\WebAPI\ClientApp\ToDoApp\dist\out-tsc\app\services\common.service.js
D:\Projects\Todo\WebAPI\WebAPI\ClientApp\ToDoApp\dist\out-tsc\app\services\common.service.js.map
D:\Projects\Todo\WebAPI\WebAPI\ClientApp\ToDoApp\dist\out-tsc\app\Dashboard\all-task-list\all-task-list.component.js
D:\Projects\Todo\WebAPI\WebAPI\ClientApp\ToDoApp\dist\out-tsc\app\Dashboard\all-task-list\all-task-list.component.js.map
D:\Projects\Todo\WebAPI\WebAPI\ClientApp\ToDoApp\dist\out-tsc\app\Dashboard\important-task\important-task.component.js
D:\Projects\Todo\WebAPI\WebAPI\ClientApp\ToDoApp\dist\out-tsc\app\Dashboard\important-task\important-task.component.js.map
D:\Projects\Todo\WebAPI\WebAPI\ClientApp\ToDoApp\dist\out-tsc\app\Dashboard\completed-task\completed-task.component.js
D:\Projects\Todo\WebAPI\WebAPI\ClientApp\ToDoApp\dist\out-tsc\app\Dashboard\completed-task\completed-task.component.js.map
D:\Projects\Todo\WebAPI\WebAPI\ClientApp\ToDoApp\dist\out-tsc\app\Dashboard\dashboard-routing.module.js
D:\Projects\Todo\WebAPI\WebAPI\ClientApp\ToDoApp\dist\out-tsc\app\Dashboard\dashboard-routing.module.js.map
D:\Projects\Todo\WebAPI\WebAPI\ClientApp\ToDoApp\dist\out-tsc\app\Dashboard\dashboard.module.js
D:\Projects\Todo\WebAPI\WebAPI\ClientApp\ToDoApp\dist\out-tsc\app\Dashboard\dashboard.module.js.map
D:\Projects\Todo\WebAPI\WebAPI\ClientApp\ToDoApp\dist\out-tsc\app\app-routing.module.js
D:\Projects\Todo\WebAPI\WebAPI\ClientApp\ToDoApp\dist\out-tsc\app\app-routing.module.js.map
D:\Projects\Todo\WebAPI\WebAPI\ClientApp\ToDoApp\dist\out-tsc\app\app.component.js
D:\Projects\Todo\WebAPI\WebAPI\ClientApp\ToDoApp\dist\out-tsc\app\app.component.js.map
D:\Projects\Todo\WebAPI\WebAPI\ClientApp\ToDoApp\dist\out-tsc\app\app.module.js
D:\Projects\Todo\WebAPI\WebAPI\ClientApp\ToDoApp\dist\out-tsc\app\app.module.js.map
D:\Projects\Todo\WebAPI\WebAPI\ClientApp\ToDoApp\dist\out-tsc\main.js
D:\Projects\Todo\WebAPI\WebAPI\ClientApp\ToDoApp\dist\out-tsc\main.js.map
